 WARN  Route "./(tabs)/index.tsx" is missing the required default export. Ensure a React component is exported as default.
 WARN  [expo-av]: Expo AV has been deprecated and will be removed in SDK 54. Use the `expo-audio` and `expo-video` packages to replace the required functionality.
 WARN  Route "./(tabs)/journal.tsx" is missing the required default export. Ensure a React component is exported as default.
 WARN  Route "./setup.tsx" is missing the required default export. Ensure a React component is exported as default.
 ERROR  [Error: Exception in HostFunction: TurboModule method "installTurboModule" called with 1 arguments (expected argument count: 0).]

Call Stack
  installTurboModule (<native>)
  constructor (node_modules\react-native-worklets\src\WorkletsModule\NativeWorklets.native.ts)
  <global> (node_modules\react-native-worklets\src\WorkletsModule\NativeWorklets.native.ts)
  loadModuleImplementation (node_modules\metro\node_modules\metro-runtime\src\polyfills\require.js)
  guardedLoadModule (node_modules\metro\node_modules\metro-runtime\src\polyfills\require.js)
  metroRequire (node_modules\metro\node_modules\metro-runtime\src\polyfills\require.js)
  <global> (node_modules\react-native-worklets\src\featureFlags\featureFlags.native.ts)
  loadModuleImplementation (node_modules\metro\node_modules\metro-runtime\src\polyfills\require.js)
  guardedLoadModule (node_modules\metro\node_modules\metro-runtime\src\polyfills\require.js)
  metroRequire (node_modules\metro\node_modules\metro-runtime\src\polyfills\require.js)
  <global> (node_modules\react-native-worklets\src\initializers\initializers.native.ts)
  loadModuleImplementation (node_modules\metro\node_modules\metro-runtime\src\polyfills\require.js)
  guardedLoadModule (node_modules\metro\node_modules\metro-runtime\src\polyfills\require.js)
  metroRequire (node_modules\metro\node_modules\metro-runtime\src\polyfills\require.js)
  <global> (node_modules\react-native-worklets\src\index.ts)
  loadModuleImplementation (node_modules\metro\node_modules\metro-runtime\src\polyfills\require.js)
  guardedLoadModule (node_modules\metro\node_modules\metro-runtime\src\polyfills\require.js)
  metroRequire (node_modules\metro\node_modules\metro-runtime\src\polyfills\require.js)
  <global> (node_modules\react-native-reanimated\src\initializers.ts)
  loadModuleImplementation (node_modules\metro\node_modules\metro-runtime\src\polyfills\require.js)
  guardedLoadModule (node_modules\metro\node_modules\metro-runtime\src\polyfills\require.js)
  metroRequire (node_modules\metro\node_modules\metro-runtime\src\polyfills\require.js)
  <global> (node_modules\react-native-reanimated\src\index.ts)
  loadModuleImplementation (node_modules\metro\node_modules\metro-runtime\src\polyfills\require.js)
  guardedLoadModule (node_modules\metro\node_modules\metro-runtime\src\polyfills\require.js)
  metroRequire (node_modules\metro\node_modules\metro-runtime\src\polyfills\require.js)
  <global> (src\components\DepthBackdrop.tsx)
  loadModuleImplementation (node_modules\metro\node_modules\metro-runtime\src\polyfills\require.js)
  guardedLoadModule (node_modules\metro\node_modules\metro-runtime\src\polyfills\require.js)
  metroRequire (node_modules\metro\node_modules\metro-runtime\src\polyfills\require.js)
  <global> (app\(tabs)\index.tsx)
  loadModuleImplementation (node_modules\metro\node_modules\metro-runtime\src\polyfills\require.js)
  guardedLoadModule (node_modules\metro\node_modules\metro-runtime\src\polyfills\require.js)
  metroRequire (node_modules\metro\node_modules\metro-runtime\src\polyfills\require.js)
  Object.defineProperties$argument_1.tabsIndexTsx.get (app)
  metroContext (app)
  node.loadRoute (node_modules\expo-router\build\getRoutesCore.js)
  getDirectoryTree (node_modules\expo-router\build\getRoutesCore.js)
  getDirectoryTree (node_modules\expo-router\build\getRoutesCore.js)
  getRoutes (node_modules\expo-router\build\getRoutesCore.js)
  getRoutes (node_modules\expo-router\build\getRoutes.js)
  useStore (node_modules\expo-router\build\global-state\router-store.js)
  ContextNavigator (node_modules\expo-router\build\ExpoRoot.js)
  callComponent.reactStackBottomFrame (node_modules\react-native\Libraries\Renderer\implementations\ReactFabric-dev.js)
  renderWithHooks (node_modules\react-native\Libraries\Renderer\implementations\ReactFabric-dev.js)
  updateFunctionComponent (node_modules\react-native\Libraries\Renderer\implementations\ReactFabric-dev.js)
  beginWork (node_modules\react-native\Libraries\Renderer\implementations\ReactFabric-dev.js)
  runWithFiberInDEV (node_modules\react-native\Libraries\Renderer\implementations\ReactFabric-dev.js)
  performUnitOfWork (node_modules\react-native\Libraries\Renderer\implementations\ReactFabric-dev.js)
  workLoopSync (node_modules\react-native\Libraries\Renderer\implementations\ReactFabric-dev.js)
  renderRootSync (node_modules\react-native\Libraries\Renderer\implementations\ReactFabric-dev.js)
  performWorkOnRoot (node_modules\react-native\Libraries\Renderer\implementations\ReactFabric-dev.js)
  performWorkOnRootViaSchedulerTask (node_modules\react-native\Libraries\Renderer\implementations\ReactFabric-dev.js)

Call Stack
  ExpoRoot (node_modules\expo-router\build\ExpoRoot.js)
  App (node_modules\expo-router\build\qualified-entry.js)
  WithDevTools (node_modules\expo\src\launch\withDevTools.tsx)
 ERROR  [Error: Exception in HostFunction: TurboModule method "installTurboModule" called with 1 arguments (expected argument count: 0).]

Call Stack
  installTurboModule (<native>)
  constructor (node_modules\react-native-worklets\src\WorkletsModule\NativeWorklets.native.ts)
  <global> (node_modules\react-native-worklets\src\WorkletsModule\NativeWorklets.native.ts)
  loadModuleImplementation (node_modules\metro\node_modules\metro-runtime\src\polyfills\require.js)
  guardedLoadModule (node_modules\metro\node_modules\metro-runtime\src\polyfills\require.js)
  metroRequire (node_modules\metro\node_modules\metro-runtime\src\polyfills\require.js)
  <global> (node_modules\react-native-worklets\src\featureFlags\featureFlags.native.ts)
  loadModuleImplementation (node_modules\metro\node_modules\metro-runtime\src\polyfills\require.js)
  guardedLoadModule (node_modules\metro\node_modules\metro-runtime\src\polyfills\require.js)
  metroRequire (node_modules\metro\node_modules\metro-runtime\src\polyfills\require.js)
  <global> (node_modules\react-native-worklets\src\initializers\initializers.native.ts)
  loadModuleImplementation (node_modules\metro\node_modules\metro-runtime\src\polyfills\require.js)
  guardedLoadModule (node_modules\metro\node_modules\metro-runtime\src\polyfills\require.js)
  metroRequire (node_modules\metro\node_modules\metro-runtime\src\polyfills\require.js)
  <global> (node_modules\react-native-worklets\src\index.ts)
  loadModuleImplementation (node_modules\metro\node_modules\metro-runtime\src\polyfills\require.js)
  guardedLoadModule (node_modules\metro\node_modules\metro-runtime\src\polyfills\require.js)
  metroRequire (node_modules\metro\node_modules\metro-runtime\src\polyfills\require.js)
  <global> (node_modules\react-native-reanimated\src\initializers.ts)
  loadModuleImplementation (node_modules\metro\node_modules\metro-runtime\src\polyfills\require.js)
  guardedLoadModule (node_modules\metro\node_modules\metro-runtime\src\polyfills\require.js)
  metroRequire (node_modules\metro\node_modules\metro-runtime\src\polyfills\require.js)
  <global> (node_modules\react-native-reanimated\src\index.ts)
  loadModuleImplementation (node_modules\metro\node_modules\metro-runtime\src\polyfills\require.js)
  guardedLoadModule (node_modules\metro\node_modules\metro-runtime\src\polyfills\require.js)
  metroRequire (node_modules\metro\node_modules\metro-runtime\src\polyfills\require.js)
  <global> (src\components\DepthBackdrop.tsx)
  loadModuleImplementation (node_modules\metro\node_modules\metro-runtime\src\polyfills\require.js)
  guardedLoadModule (node_modules\metro\node_modules\metro-runtime\src\polyfills\require.js)
  metroRequire (node_modules\metro\node_modules\metro-runtime\src\polyfills\require.js)
  <global> (app\(tabs)\index.tsx)
  loadModuleImplementation (node_modules\metro\node_modules\metro-runtime\src\polyfills\require.js)
  guardedLoadModule (node_modules\metro\node_modules\metro-runtime\src\polyfills\require.js)
  metroRequire (node_modules\metro\node_modules\metro-runtime\src\polyfills\require.js)
  Object.defineProperties$argument_1.tabsIndexTsx.get (app)
  metroContext (app)
  node.loadRoute (node_modules\expo-router\build\getRoutesCore.js)
  getDirectoryTree (node_modules\expo-router\build\getRoutesCore.js)
  getDirectoryTree (node_modules\expo-router\build\getRoutesCore.js)
  getRoutes (node_modules\expo-router\build\getRoutesCore.js)
  getRoutes (node_modules\expo-router\build\getRoutes.js)
  useStore (node_modules\expo-router\build\global-state\router-store.js)
  ContextNavigator (node_modules\expo-router\build\ExpoRoot.js)
  callComponent.reactStackBottomFrame (node_modules\react-native\Libraries\Renderer\implementations\ReactFabric-dev.js)
  renderWithHooks (node_modules\react-native\Libraries\Renderer\implementations\ReactFabric-dev.js)
  updateFunctionComponent (node_modules\react-native\Libraries\Renderer\implementations\ReactFabric-dev.js)
  beginWork (node_modules\react-native\Libraries\Renderer\implementations\ReactFabric-dev.js)
  runWithFiberInDEV (node_modules\react-native\Libraries\Renderer\implementations\ReactFabric-dev.js)
  performUnitOfWork (node_modules\react-native\Libraries\Renderer\implementations\ReactFabric-dev.js)
  workLoopSync (node_modules\react-native\Libraries\Renderer\implementations\ReactFabric-dev.js)
  renderRootSync (node_modules\react-native\Libraries\Renderer\implementations\ReactFabric-dev.js)
  performWorkOnRoot (node_modules\react-native\Libraries\Renderer\implementations\ReactFabric-dev.js)
  performWorkOnRootViaSchedulerTask (node_modules\react-native\Libraries\Renderer\implementations\ReactFabric-dev.js)

Call Stack
  ExpoRoot (node_modules\expo-router\build\ExpoRoot.js)
  App (node_modules\expo-router\build\qualified-entry.js)
  WithDevTools (node_modules\expo\src\launch\withDevTools.tsx)
 ERROR  [Error: Exception in HostFunction: TurboModule method "installTurboModule" called with 1 arguments (expected argument count: 0).]

Call Stack
  installTurboModule (<native>)
  constructor (node_modules\react-native-worklets\src\WorkletsModule\NativeWorklets.native.ts)
  <global> (node_modules\react-native-worklets\src\WorkletsModule\NativeWorklets.native.ts)
  loadModuleImplementation (node_modules\metro\node_modules\metro-runtime\src\polyfills\require.js)
  guardedLoadModule (node_modules\metro\node_modules\metro-runtime\src\polyfills\require.js)
  metroRequire (node_modules\metro\node_modules\metro-runtime\src\polyfills\require.js)
  <global> (node_modules\react-native-worklets\src\featureFlags\featureFlags.native.ts)
  loadModuleImplementation (node_modules\metro\node_modules\metro-runtime\src\polyfills\require.js)
  guardedLoadModule (node_modules\metro\node_modules\metro-runtime\src\polyfills\require.js)
  metroRequire (node_modules\metro\node_modules\metro-runtime\src\polyfills\require.js)
  <global> (node_modules\react-native-worklets\src\initializers\initializers.native.ts)
  loadModuleImplementation (node_modules\metro\node_modules\metro-runtime\src\polyfills\require.js)
  guardedLoadModule (node_modules\metro\node_modules\metro-runtime\src\polyfills\require.js)
  metroRequire (node_modules\metro\node_modules\metro-runtime\src\polyfills\require.js)
  <global> (node_modules\react-native-worklets\src\index.ts)
  loadModuleImplementation (node_modules\metro\node_modules\metro-runtime\src\polyfills\require.js)
  guardedLoadModule (node_modules\metro\node_modules\metro-runtime\src\polyfills\require.js)
  metroRequire (node_modules\metro\node_modules\metro-runtime\src\polyfills\require.js)
  <global> (node_modules\react-native-reanimated\src\initializers.ts)
  loadModuleImplementation (node_modules\metro\node_modules\metro-runtime\src\polyfills\require.js)
  guardedLoadModule (node_modules\metro\node_modules\metro-runtime\src\polyfills\require.js)
  metroRequire (node_modules\metro\node_modules\metro-runtime\src\polyfills\require.js)
  <global> (node_modules\react-native-reanimated\src\index.ts)
  loadModuleImplementation (node_modules\metro\node_modules\metro-runtime\src\polyfills\require.js)
  guardedLoadModule (node_modules\metro\node_modules\metro-runtime\src\polyfills\require.js)
  metroRequire (node_modules\metro\node_modules\metro-runtime\src\polyfills\require.js)
  <global> (src\components\DepthBackdrop.tsx)
  loadModuleImplementation (node_modules\metro\node_modules\metro-runtime\src\polyfills\require.js)
  guardedLoadModule (node_modules\metro\node_modules\metro-runtime\src\polyfills\require.js)
  metroRequire (node_modules\metro\node_modules\metro-runtime\src\polyfills\require.js)
  <global> (app\(tabs)\index.tsx)
  loadModuleImplementation (node_modules\metro\node_modules\metro-runtime\src\polyfills\require.js)
  guardedLoadModule (node_modules\metro\node_modules\metro-runtime\src\polyfills\require.js)
  metroRequire (node_modules\metro\node_modules\metro-runtime\src\polyfills\require.js)
  Object.defineProperties$argument_1.tabsIndexTsx.get (app)
  metroContext (app)
  node.loadRoute (node_modules\expo-router\build\getRoutesCore.js)
  getDirectoryTree (node_modules\expo-router\build\getRoutesCore.js)
  getDirectoryTree (node_modules\expo-router\build\getRoutesCore.js)
  getRoutes (node_modules\expo-router\build\getRoutesCore.js)
  getRoutes (node_modules\expo-router\build\getRoutes.js)
  useStore (node_modules\expo-router\build\global-state\router-store.js)
  ContextNavigator (node_modules\expo-router\build\ExpoRoot.js)
  callComponent.reactStackBottomFrame (node_modules\react-native\Libraries\Renderer\implementations\ReactFabric-dev.js)
  renderWithHooks (node_modules\react-native\Libraries\Renderer\implementations\ReactFabric-dev.js)
  updateFunctionComponent (node_modules\react-native\Libraries\Renderer\implementations\ReactFabric-dev.js)
  beginWork (node_modules\react-native\Libraries\Renderer\implementations\ReactFabric-dev.js)
  runWithFiberInDEV (node_modules\react-native\Libraries\Renderer\implementations\ReactFabric-dev.js)
  performUnitOfWork (node_modules\react-native\Libraries\Renderer\implementations\ReactFabric-dev.js)
  workLoopSync (node_modules\react-native\Libraries\Renderer\implementations\ReactFabric-dev.js)
  renderRootSync (node_modules\react-native\Libraries\Renderer\implementations\ReactFabric-dev.js)
  performWorkOnRoot (node_modules\react-native\Libraries\Renderer\implementations\ReactFabric-dev.js)
  performWorkOnRootViaSchedulerTask (node_modules\react-native\Libraries\Renderer\implementations\ReactFabric-dev.js)

Call Stack
  ExpoRoot (node_modules\expo-router\build\ExpoRoot.js)
  App (node_modules\expo-router\build\qualified-entry.js)
  WithDevTools (node_modules\expo\src\launch\withDevTools.tsx)
 WARN  [Layout children]: No route named "setup" exists in nested children: ["index", "(tabs)"]